<?xml version="1.0" encoding="UTF-8"?>
<!-- Generated by org.testng.reporters.JUnitReportReporter -->
<testsuite hostname="QuangHuy" failures="0" tests="3" name="hunre.it.product.RegistrationTest" time="2.639" errors="0" timestamp="2024-09-22T15:21:46 ICT" skipped="0">
  <testcase classname="hunre.it.product.RegistrationTest" name="testSuccessfulRegistration" time="1.057"/>
  <testcase classname="hunre.it.product.RegistrationTest" name="testExistingUsername" time="0.817"/>
  <testcase classname="hunre.it.product.RegistrationTest" name="testWeakPassword" time="0.765"/>
</testsuite> <!-- hunre.it.product.RegistrationTest -->
